{
"contracts/MyNFT.sol":{"l":{"22":3,"28":2,"31":2,"34":2,"35":2},"path":"/Users/dineshpabbati/Desktop/DutchAuction/v5.0/contracts/MyNFT.sol","s":{"1":2,"2":2,"3":2},"b":{"1":[2,1],"2":[2,0]},"f":{"1":3,"2":2},"fnMap":{"1":{"name":"constructor","line":21,"loc":{"start":{"line":21,"column":4},"end":{"line":23,"column":4}}},"2":{"name":"safeMint","line":26,"loc":{"start":{"line":26,"column":4},"end":{"line":36,"column":4}}}},"statementMap":{"1":{"start":{"line":28,"column":8},"end":{"line":28,"column":62}},"2":{"start":{"line":31,"column":8},"end":{"line":31,"column":28}},"3":{"start":{"line":34,"column":8},"end":{"line":34,"column":36}}},"branchMap":{"1":{"line":26,"type":"if","locations":[{"start":{"line":26,"column":41},"end":{"line":26,"column":41}},{"start":{"line":26,"column":41},"end":{"line":26,"column":41}}]},"2":{"line":28,"type":"if","locations":[{"start":{"line":28,"column":8},"end":{"line":28,"column":8}},{"start":{"line":28,"column":8},"end":{"line":28,"column":8}}]}}},
"contracts/MyToken.sol":{"l":{"17":3,"22":2,"27":1,"32":0,"43":1,"46":1,"54":1,"55":1,"58":1,"59":0,"63":1},"path":"/Users/dineshpabbati/Desktop/DutchAuction/v5.0/contracts/MyToken.sol","s":{"1":2,"2":1,"3":0,"4":1,"5":1,"6":1,"7":1,"8":1,"9":0,"10":1},"b":{"1":[1,0],"2":[1,0],"3":[0,1]},"f":{"1":3,"2":2,"3":1,"4":0,"5":1,"6":1},"fnMap":{"1":{"name":"constructor","line":16,"loc":{"start":{"line":16,"column":4},"end":{"line":18,"column":4}}},"2":{"name":"currentPrice","line":21,"loc":{"start":{"line":21,"column":4},"end":{"line":23,"column":4}}},"3":{"name":"invoice","line":26,"loc":{"start":{"line":26,"column":4},"end":{"line":28,"column":4}}},"4":{"name":"refund","line":31,"loc":{"start":{"line":31,"column":4},"end":{"line":33,"column":4}}},"5":{"name":"mint","line":40,"loc":{"start":{"line":40,"column":4},"end":{"line":47,"column":4}}},"6":{"name":"buy","line":51,"loc":{"start":{"line":51,"column":4},"end":{"line":64,"column":4}}}},"statementMap":{"1":{"start":{"line":22,"column":8},"end":{"line":22,"column":18}},"2":{"start":{"line":27,"column":8},"end":{"line":27,"column":42}},"3":{"start":{"line":32,"column":8},"end":{"line":32,"column":43}},"4":{"start":{"line":43,"column":8},"end":{"line":43,"column":68}},"5":{"start":{"line":46,"column":8},"end":{"line":46,"column":33}},"6":{"start":{"line":54,"column":8},"end":{"line":54,"column":52}},"7":{"start":{"line":55,"column":8},"end":{"line":55,"column":62}},"8":{"start":{"line":58,"column":8},"end":{"line":58,"column":1678}},"9":{"start":{"line":59,"column":12},"end":{"line":59,"column":41}},"10":{"start":{"line":63,"column":8},"end":{"line":63,"column":27}}},"branchMap":{"1":{"line":43,"type":"if","locations":[{"start":{"line":43,"column":8},"end":{"line":43,"column":8}},{"start":{"line":43,"column":8},"end":{"line":43,"column":8}}]},"2":{"line":55,"type":"if","locations":[{"start":{"line":55,"column":8},"end":{"line":55,"column":8}},{"start":{"line":55,"column":8},"end":{"line":55,"column":8}}]},"3":{"line":58,"type":"if","locations":[{"start":{"line":58,"column":8},"end":{"line":58,"column":8}},{"start":{"line":58,"column":8},"end":{"line":58,"column":8}}]}}},
"contracts/NFTDutchAuction_ERC20BidsUpgradeable.sol":{"l":{"37":3,"38":3,"39":3,"40":3,"42":3,"43":3,"44":3,"46":3,"48":3,"49":3,"50":3,"52":3,"58":10,"62":10,"66":5,"70":5,"74":2,"75":2,"76":2,"77":2,"81":5,"82":4,"83":4,"84":4,"85":3,"87":2,"88":2,"90":2,"91":2},"path":"/Users/dineshpabbati/Desktop/DutchAuction/v5.0/contracts/NFTDutchAuction_ERC20BidsUpgradeable.sol","s":{"1":3,"2":10,"3":10,"4":5,"5":5,"6":2,"7":5,"8":4,"9":4,"10":4,"11":3,"12":2,"13":2,"14":2,"15":2},"b":{"1":[3,0],"2":[3,0],"3":[0,0],"4":[4,1],"5":[4,0],"6":[4,0],"7":[3,1],"8":[2,1],"9":[2,0]},"f":{"1":3,"2":0,"3":10,"4":10,"5":5,"6":5,"7":2,"8":5},"fnMap":{"1":{"name":"initialize","line":36,"loc":{"start":{"line":36,"column":4},"end":{"line":53,"column":4}}},"2":{"name":"_authorizeUpgrade","line":55,"loc":{"start":{"line":55,"column":4},"end":{"line":55,"column":69}}},"3":{"name":"currentBlock","line":57,"loc":{"start":{"line":57,"column":4},"end":{"line":59,"column":4}}},"4":{"name":"blockDifference","line":61,"loc":{"start":{"line":61,"column":4},"end":{"line":63,"column":4}}},"5":{"name":"currentPrice","line":65,"loc":{"start":{"line":65,"column":4},"end":{"line":67,"column":4}}},"6":{"name":"isAuctionOpen","line":69,"loc":{"start":{"line":69,"column":4},"end":{"line":71,"column":4}}},"7":{"name":"finalize","line":73,"loc":{"start":{"line":73,"column":4},"end":{"line":78,"column":4}}},"8":{"name":"bid","line":80,"loc":{"start":{"line":80,"column":4},"end":{"line":92,"column":4}}}},"statementMap":{"1":{"start":{"line":46,"column":8},"end":{"line":46,"column":85}},"2":{"start":{"line":58,"column":8},"end":{"line":58,"column":27}},"3":{"start":{"line":62,"column":8},"end":{"line":62,"column":41}},"4":{"start":{"line":66,"column":8},"end":{"line":66,"column":71}},"5":{"start":{"line":70,"column":8},"end":{"line":70,"column":56}},"6":{"start":{"line":74,"column":8},"end":{"line":74,"column":51}},"7":{"start":{"line":81,"column":8},"end":{"line":81,"column":52}},"8":{"start":{"line":82,"column":8},"end":{"line":82,"column":70}},"9":{"start":{"line":83,"column":8},"end":{"line":83,"column":52}},"10":{"start":{"line":84,"column":8},"end":{"line":84,"column":55}},"11":{"start":{"line":85,"column":8},"end":{"line":85,"column":63}},"12":{"start":{"line":87,"column":8},"end":{"line":87,"column":86}},"13":{"start":{"line":88,"column":8},"end":{"line":88,"column":51}},"14":{"start":{"line":90,"column":8},"end":{"line":90,"column":27}},"15":{"start":{"line":91,"column":8},"end":{"line":91,"column":46}}},"branchMap":{"1":{"line":36,"type":"if","locations":[{"start":{"line":36,"column":191},"end":{"line":36,"column":191}},{"start":{"line":36,"column":191},"end":{"line":36,"column":191}}]},"2":{"line":46,"type":"if","locations":[{"start":{"line":46,"column":8},"end":{"line":46,"column":8}},{"start":{"line":46,"column":8},"end":{"line":46,"column":8}}]},"3":{"line":55,"type":"if","locations":[{"start":{"line":55,"column":58},"end":{"line":55,"column":58}},{"start":{"line":55,"column":58},"end":{"line":55,"column":58}}]},"4":{"line":81,"type":"if","locations":[{"start":{"line":81,"column":8},"end":{"line":81,"column":8}},{"start":{"line":81,"column":8},"end":{"line":81,"column":8}}]},"5":{"line":82,"type":"if","locations":[{"start":{"line":82,"column":8},"end":{"line":82,"column":8}},{"start":{"line":82,"column":8},"end":{"line":82,"column":8}}]},"6":{"line":83,"type":"if","locations":[{"start":{"line":83,"column":8},"end":{"line":83,"column":8}},{"start":{"line":83,"column":8},"end":{"line":83,"column":8}}]},"7":{"line":84,"type":"if","locations":[{"start":{"line":84,"column":8},"end":{"line":84,"column":8}},{"start":{"line":84,"column":8},"end":{"line":84,"column":8}}]},"8":{"line":85,"type":"if","locations":[{"start":{"line":85,"column":8},"end":{"line":85,"column":8}},{"start":{"line":85,"column":8},"end":{"line":85,"column":8}}]},"9":{"line":88,"type":"if","locations":[{"start":{"line":88,"column":8},"end":{"line":88,"column":8}},{"start":{"line":88,"column":8},"end":{"line":88,"column":8}}]}}}}
