TN:
SF:/Users/dineshpabbati/Desktop/DutchAuction/v5.0/contracts/MyNFT.sol
FN:21,constructor
FN:26,safeMint
FNF:2
FNH:2
FNDA:3,constructor
FNDA:2,safeMint
DA:22,3
DA:28,2
DA:31,2
DA:34,2
DA:35,2
LF:5
LH:5
BRDA:26,1,0,2
BRDA:26,1,1,1
BRDA:28,2,0,2
BRDA:28,2,1,0
BRF:4
BRH:3
end_of_record
TN:
SF:/Users/dineshpabbati/Desktop/DutchAuction/v5.0/contracts/MyToken.sol
FN:16,constructor
FN:21,currentPrice
FN:26,invoice
FN:31,refund
FN:40,mint
FN:51,buy
FNF:6
FNH:5
FNDA:3,constructor
FNDA:2,currentPrice
FNDA:1,invoice
FNDA:0,refund
FNDA:1,mint
FNDA:1,buy
DA:17,3
DA:22,2
DA:27,1
DA:32,0
DA:43,1
DA:46,1
DA:54,1
DA:55,1
DA:58,1
DA:59,0
DA:63,1
LF:11
LH:9
BRDA:43,1,0,1
BRDA:43,1,1,0
BRDA:55,2,0,1
BRDA:55,2,1,0
BRDA:58,3,0,0
BRDA:58,3,1,1
BRF:6
BRH:3
end_of_record
TN:
SF:/Users/dineshpabbati/Desktop/DutchAuction/v5.0/contracts/NFTDutchAuction_ERC20BidsUpgradeable.sol
FN:36,initialize
FN:55,_authorizeUpgrade
FN:57,currentBlock
FN:61,blockDifference
FN:65,currentPrice
FN:69,isAuctionOpen
FN:73,finalize
FN:80,bid
FNF:8
FNH:7
FNDA:3,initialize
FNDA:0,_authorizeUpgrade
FNDA:10,currentBlock
FNDA:10,blockDifference
FNDA:5,currentPrice
FNDA:5,isAuctionOpen
FNDA:2,finalize
FNDA:5,bid
DA:37,3
DA:38,3
DA:39,3
DA:40,3
DA:42,3
DA:43,3
DA:44,3
DA:46,3
DA:48,3
DA:49,3
DA:50,3
DA:52,3
DA:58,10
DA:62,10
DA:66,5
DA:70,5
DA:74,2
DA:75,2
DA:76,2
DA:77,2
DA:81,5
DA:82,4
DA:83,4
DA:84,4
DA:85,3
DA:87,2
DA:88,2
DA:90,2
DA:91,2
LF:29
LH:29
BRDA:36,1,0,3
BRDA:36,1,1,0
BRDA:46,2,0,3
BRDA:46,2,1,0
BRDA:55,3,0,0
BRDA:55,3,1,0
BRDA:81,4,0,4
BRDA:81,4,1,1
BRDA:82,5,0,4
BRDA:82,5,1,0
BRDA:83,6,0,4
BRDA:83,6,1,0
BRDA:84,7,0,3
BRDA:84,7,1,1
BRDA:85,8,0,2
BRDA:85,8,1,1
BRDA:88,9,0,2
BRDA:88,9,1,0
BRF:18
BRH:11
end_of_record
