{
"contracts/MyNFT.sol":{"l":{"18":3,"22":3,"23":3,"24":3,"25":3},"path":"/Users/dineshpabbati/Desktop/DutchAuction/v2.0/contracts/MyNFT.sol","s":{"1":3,"2":3,"3":3},"b":{"1":[3,1],"2":[3,0]},"f":{"1":3,"2":3},"fnMap":{"1":{"name":"constructor","line":17,"loc":{"start":{"line":17,"column":4},"end":{"line":19,"column":4}}},"2":{"name":"safeMint","line":21,"loc":{"start":{"line":21,"column":4},"end":{"line":26,"column":4}}}},"statementMap":{"1":{"start":{"line":22,"column":8},"end":{"line":22,"column":63}},"2":{"start":{"line":23,"column":8},"end":{"line":23,"column":28}},"3":{"start":{"line":24,"column":8},"end":{"line":24,"column":37}}},"branchMap":{"1":{"line":21,"type":"if","locations":[{"start":{"line":21,"column":41},"end":{"line":21,"column":41}},{"start":{"line":21,"column":41},"end":{"line":21,"column":41}}]},"2":{"line":22,"type":"if","locations":[{"start":{"line":22,"column":8},"end":{"line":22,"column":8}},{"start":{"line":22,"column":8},"end":{"line":22,"column":8}}]}}},
"contracts/NFTDutchAuction.sol":{"l":{"33":3,"34":3,"35":3,"37":3,"38":3,"40":3,"45":3,"46":3,"47":3,"48":3,"49":3,"53":15,"54":15,"55":0,"57":15,"61":24,"65":24,"70":4,"71":4,"72":4,"76":9,"77":7,"78":7,"79":6,"80":5,"82":4,"83":4,"85":4,"86":4,"87":4,"90":4,"95":4,"98":9},"path":"/Users/dineshpabbati/Desktop/DutchAuction/v2.0/contracts/NFTDutchAuction.sol","s":{"1":3,"2":3,"3":15,"4":15,"5":0,"6":15,"7":24,"8":24,"9":4,"10":9,"11":7,"12":7,"13":6,"14":5,"15":4,"16":4,"17":4,"18":4,"19":4,"20":4,"21":4,"22":9},"b":{"1":[3,0],"2":[0,15],"3":[7,2],"4":[7,0],"5":[6,1],"6":[5,1],"7":[4,1],"8":[4,0],"9":[4,0]},"f":{"1":3,"2":15,"3":24,"4":24,"5":4,"6":9,"7":4,"8":9},"fnMap":{"1":{"name":"constructor","line":26,"loc":{"start":{"line":26,"column":4},"end":{"line":51,"column":4}}},"2":{"name":"getCurrentPrice","line":52,"loc":{"start":{"line":52,"column":6},"end":{"line":58,"column":4}}},"3":{"name":"getCurrentBlock","line":60,"loc":{"start":{"line":60,"column":4},"end":{"line":62,"column":4}}},"4":{"name":"getBlockDifference","line":64,"loc":{"start":{"line":64,"column":4},"end":{"line":66,"column":4}}},"5":{"name":"finalizeAuction","line":69,"loc":{"start":{"line":69,"column":4},"end":{"line":73,"column":4}}},"6":{"name":"placeBid","line":75,"loc":{"start":{"line":75,"column":4},"end":{"line":91,"column":4}}},"7":{"name":"refundExcess","line":94,"loc":{"start":{"line":94,"column":7},"end":{"line":96,"column":4}}},"8":{"name":"isAuctionOpen","line":97,"loc":{"start":{"line":97,"column":5},"end":{"line":99,"column":4}}}},"statementMap":{"1":{"start":{"line":40,"column":8},"end":{"line":40,"column":963}},"2":{"start":{"line":48,"column":8},"end":{"line":48,"column":74}},"3":{"start":{"line":53,"column":8},"end":{"line":53,"column":48}},"4":{"start":{"line":54,"column":8},"end":{"line":54,"column":1481}},"5":{"start":{"line":55,"column":12},"end":{"line":55,"column":31}},"6":{"start":{"line":57,"column":8},"end":{"line":57,"column":63}},"7":{"start":{"line":61,"column":8},"end":{"line":61,"column":27}},"8":{"start":{"line":65,"column":8},"end":{"line":65,"column":44}},"9":{"start":{"line":70,"column":8},"end":{"line":70,"column":57}},"10":{"start":{"line":76,"column":8},"end":{"line":76,"column":52}},"11":{"start":{"line":77,"column":8},"end":{"line":77,"column":70}},"12":{"start":{"line":78,"column":8},"end":{"line":78,"column":59}},"13":{"start":{"line":79,"column":8},"end":{"line":79,"column":55}},"14":{"start":{"line":80,"column":8},"end":{"line":80,"column":69}},"15":{"start":{"line":82,"column":8},"end":{"line":82,"column":72}},"16":{"start":{"line":83,"column":8},"end":{"line":83,"column":51}},"17":{"start":{"line":85,"column":8},"end":{"line":85,"column":54}},"18":{"start":{"line":86,"column":8},"end":{"line":86,"column":2597}},"19":{"start":{"line":87,"column":12},"end":{"line":87,"column":31}},"20":{"start":{"line":90,"column":8},"end":{"line":90,"column":24}},"21":{"start":{"line":95,"column":8},"end":{"line":95,"column":49}},"22":{"start":{"line":98,"column":8},"end":{"line":98,"column":59}}},"branchMap":{"1":{"line":40,"type":"if","locations":[{"start":{"line":40,"column":8},"end":{"line":40,"column":8}},{"start":{"line":40,"column":8},"end":{"line":40,"column":8}}]},"2":{"line":54,"type":"if","locations":[{"start":{"line":54,"column":8},"end":{"line":54,"column":8}},{"start":{"line":54,"column":8},"end":{"line":54,"column":8}}]},"3":{"line":76,"type":"if","locations":[{"start":{"line":76,"column":8},"end":{"line":76,"column":8}},{"start":{"line":76,"column":8},"end":{"line":76,"column":8}}]},"4":{"line":77,"type":"if","locations":[{"start":{"line":77,"column":8},"end":{"line":77,"column":8}},{"start":{"line":77,"column":8},"end":{"line":77,"column":8}}]},"5":{"line":78,"type":"if","locations":[{"start":{"line":78,"column":8},"end":{"line":78,"column":8}},{"start":{"line":78,"column":8},"end":{"line":78,"column":8}}]},"6":{"line":79,"type":"if","locations":[{"start":{"line":79,"column":8},"end":{"line":79,"column":8}},{"start":{"line":79,"column":8},"end":{"line":79,"column":8}}]},"7":{"line":80,"type":"if","locations":[{"start":{"line":80,"column":8},"end":{"line":80,"column":8}},{"start":{"line":80,"column":8},"end":{"line":80,"column":8}}]},"8":{"line":83,"type":"if","locations":[{"start":{"line":83,"column":8},"end":{"line":83,"column":8}},{"start":{"line":83,"column":8},"end":{"line":83,"column":8}}]},"9":{"line":86,"type":"if","locations":[{"start":{"line":86,"column":8},"end":{"line":86,"column":8}},{"start":{"line":86,"column":8},"end":{"line":86,"column":8}}]}}}}
