TN:
SF:/Users/dineshpabbati/Desktop/DutchAuction/v2.0/contracts/MyNFT.sol
FN:17,constructor
FN:21,safeMint
FNF:2
FNH:2
FNDA:3,constructor
FNDA:3,safeMint
DA:18,3
DA:22,3
DA:23,3
DA:24,3
DA:25,3
LF:5
LH:5
BRDA:21,1,0,3
BRDA:21,1,1,1
BRDA:22,2,0,3
BRDA:22,2,1,0
BRF:4
BRH:3
end_of_record
TN:
SF:/Users/dineshpabbati/Desktop/DutchAuction/v2.0/contracts/NFTDutchAuction.sol
FN:26,constructor
FN:52,getCurrentPrice
FN:60,getCurrentBlock
FN:64,getBlockDifference
FN:69,finalizeAuction
FN:75,placeBid
FN:94,refundExcess
FN:97,isAuctionOpen
FNF:8
FNH:8
FNDA:3,constructor
FNDA:15,getCurrentPrice
FNDA:24,getCurrentBlock
FNDA:24,getBlockDifference
FNDA:4,finalizeAuction
FNDA:9,placeBid
FNDA:4,refundExcess
FNDA:9,isAuctionOpen
DA:33,3
DA:34,3
DA:35,3
DA:37,3
DA:38,3
DA:40,3
DA:45,3
DA:46,3
DA:47,3
DA:48,3
DA:49,3
DA:53,15
DA:54,15
DA:55,0
DA:57,15
DA:61,24
DA:65,24
DA:70,4
DA:71,4
DA:72,4
DA:76,9
DA:77,7
DA:78,7
DA:79,6
DA:80,5
DA:82,4
DA:83,4
DA:85,4
DA:86,4
DA:87,4
DA:90,4
DA:95,4
DA:98,9
LF:33
LH:32
BRDA:40,1,0,3
BRDA:40,1,1,0
BRDA:54,2,0,0
BRDA:54,2,1,15
BRDA:76,3,0,7
BRDA:76,3,1,2
BRDA:77,4,0,7
BRDA:77,4,1,0
BRDA:78,5,0,6
BRDA:78,5,1,1
BRDA:79,6,0,5
BRDA:79,6,1,1
BRDA:80,7,0,4
BRDA:80,7,1,1
BRDA:83,8,0,4
BRDA:83,8,1,0
BRDA:86,9,0,4
BRDA:86,9,1,0
BRF:18
BRH:13
end_of_record
